Arguments: 
  /Users/zzid/.nvm/versions/node/v13.12.0/bin/node /usr/local/Cellar/yarn/1.22.4/libexec/bin/yarn.js init

PATH: 
  /Users/zzid/.pyenv/bin:/usr/local/Cellar/pyenv-virtualenv/1.1.5/shims:/Users/zzid/.pyenv/shims:/Users/zzid/.nvm/versions/node/v13.12.0/bin:/usr/local/bin:/usr/local/sbin:/usr/local/Cellar/pyenv-virtualenv/1.1.5/shims:/Users/zzid/.pyenv/shims:/Library/Frameworks/Python.framework/Versions/3.8/bin:/usr/local/bin:/usr/bin:/bin:/usr/sbin:/sbin:/Library/Apple/usr/bin:/Users/zzid/.pyenv/bin:/usr/local/Cellar/pyenv-virtualenv/1.1.5/shims:/Users/zzid/.pyenv/shims:/Users/zzid/.nvm/versions/node/v13.12.0/bin:/usr/local/sbin:/Library/Frameworks/Python.framework/Versions/3.8/bin:/Users/zzid/go/bin:/usr/local/opt/go/libexec/bin:/Users/zzid/go/bin:/usr/local/opt/go/libexec/bin

Yarn version: 
  1.22.4

Node version: 
  13.12.0

Platform: 
  darwin x64

Trace: 
  Error: canceled
      at Interface.<anonymous> (/usr/local/Cellar/yarn/1.22.4/libexec/lib/cli.js:137008:13)
      at Interface.emit (events.js:315:20)
      at Interface._ttyWrite (readline.js:873:16)
      at ReadStream.onkeypress (readline.js:213:10)
      at ReadStream.emit (events.js:315:20)
      at emitKeys (internal/readline/utils.js:335:14)
      at emitKeys.next (<anonymous>)
      at ReadStream.onData (readline.js:1140:36)
      at ReadStream.emit (events.js:315:20)
      at addChunk (_stream_readable.js:297:12)

npm manifest: 
  No manifest

yarn manifest: 
  No manifest

Lockfile: 
  No lockfile
